build/app/intermediates/manifest_merge_blame_file/debug/manifest-merger-blame-debug-report.txt
1<?xml version="1.0" encoding="utf-8"?>
2<manifest xmlns:android="http://schemas.android.com/apk/res/android"
3    package="com.example.bhivesensemobile"
4    android:versionCode="1"
5    android:versionName="1.0.0" >
6
7    <uses-sdk
8        android:minSdkVersion="21"
9        android:targetSdkVersion="31" />
10    <!--
11         The INTERNET permission is required for development. Specifically,
12         the Flutter tool needs it to communicate with the running application
13         to allow setting breakpoints, to provide hot reload, etc.
14    -->
15    <uses-permission android:name="android.permission.INTERNET" />
15-->src\debug\AndroidManifest.xml:7:5-66
15-->src\debug\AndroidManifest.xml:7:22-64
16    <!-- Create a unique permission for your app and use it so only your app can receive your OneSignal messages. -->
17    <permission
17-->[com.onesignal:OneSignal:4.8.5] AndroidManifest.xml:7:5-9:47
18        android:name="com.example.bhivesensemobile.permission.C2D_MESSAGE"
18-->[com.onesignal:OneSignal:4.8.5] AndroidManifest.xml:8:9-63
19        android:protectionLevel="signature" />
19-->[com.onesignal:OneSignal:4.8.5] AndroidManifest.xml:9:9-44
20
21    <uses-permission android:name="com.example.bhivesensemobile.permission.C2D_MESSAGE" /> <!-- OneSignal SDK has runtime checks Android version. -->
21-->[com.onesignal:OneSignal:4.8.5] AndroidManifest.xml:11:5-79
21-->[com.onesignal:OneSignal:4.8.5] AndroidManifest.xml:11:22-76
22    <!-- <uses-sdk tools:overrideLibrary="android.support.customtabs"/> -->
23    <!-- Required runtime permission to display notifications on Android 13 -->
24    <uses-permission android:name="android.permission.POST_NOTIFICATIONS" /> <!-- c2dm RECEIVE are basic requirements for push messages through Google's FCM -->
24-->[com.onesignal:OneSignal:4.8.5] AndroidManifest.xml:16:5-77
24-->[com.onesignal:OneSignal:4.8.5] AndroidManifest.xml:16:22-74
25    <uses-permission android:name="com.google.android.c2dm.permission.RECEIVE" /> <!-- Required, makes sure notifications are delivered on time. -->
25-->[com.onesignal:OneSignal:4.8.5] AndroidManifest.xml:18:5-82
25-->[com.onesignal:OneSignal:4.8.5] AndroidManifest.xml:18:22-79
26    <uses-permission android:name="android.permission.WAKE_LOCK" />
26-->[com.onesignal:OneSignal:4.8.5] AndroidManifest.xml:19:5-68
26-->[com.onesignal:OneSignal:4.8.5] AndroidManifest.xml:19:22-65
27    <!--
28 Required so the device vibrates on receiving a push notification.
29         Vibration settings of the device still apply.
30    -->
31    <uses-permission android:name="android.permission.VIBRATE" />
31-->[com.onesignal:OneSignal:4.8.5] AndroidManifest.xml:24:5-66
31-->[com.onesignal:OneSignal:4.8.5] AndroidManifest.xml:24:22-63
32    <uses-permission android:name="android.permission.ACCESS_NETWORK_STATE" />
32-->[com.onesignal:OneSignal:4.8.5] AndroidManifest.xml:25:5-79
32-->[com.onesignal:OneSignal:4.8.5] AndroidManifest.xml:25:22-76
33    <!--
34 Use to restore notifications the user hasn't interacted with.
35         They could be missed notifications if the user reboots their device if this isn't in place.
36    -->
37    <uses-permission android:name="android.permission.RECEIVE_BOOT_COMPLETED" /> <!-- START: ShortcutBadger -->
37-->[com.onesignal:OneSignal:4.8.5] AndroidManifest.xml:30:5-81
37-->[com.onesignal:OneSignal:4.8.5] AndroidManifest.xml:30:22-78
38    <!-- Samsung -->
39    <uses-permission android:name="com.sec.android.provider.badge.permission.READ" />
39-->[com.onesignal:OneSignal:4.8.5] AndroidManifest.xml:32:5-86
39-->[com.onesignal:OneSignal:4.8.5] AndroidManifest.xml:32:22-83
40    <uses-permission android:name="com.sec.android.provider.badge.permission.WRITE" /> <!-- HTC -->
40-->[com.onesignal:OneSignal:4.8.5] AndroidManifest.xml:33:5-87
40-->[com.onesignal:OneSignal:4.8.5] AndroidManifest.xml:33:22-84
41    <uses-permission android:name="com.htc.launcher.permission.READ_SETTINGS" />
41-->[com.onesignal:OneSignal:4.8.5] AndroidManifest.xml:34:5-81
41-->[com.onesignal:OneSignal:4.8.5] AndroidManifest.xml:34:22-78
42    <uses-permission android:name="com.htc.launcher.permission.UPDATE_SHORTCUT" /> <!-- Sony -->
42-->[com.onesignal:OneSignal:4.8.5] AndroidManifest.xml:35:5-83
42-->[com.onesignal:OneSignal:4.8.5] AndroidManifest.xml:35:22-80
43    <uses-permission android:name="com.sonyericsson.home.permission.BROADCAST_BADGE" />
43-->[com.onesignal:OneSignal:4.8.5] AndroidManifest.xml:36:5-88
43-->[com.onesignal:OneSignal:4.8.5] AndroidManifest.xml:36:22-85
44    <uses-permission android:name="com.sonymobile.home.permission.PROVIDER_INSERT_BADGE" /> <!-- Apex -->
44-->[com.onesignal:OneSignal:4.8.5] AndroidManifest.xml:37:5-92
44-->[com.onesignal:OneSignal:4.8.5] AndroidManifest.xml:37:22-89
45    <uses-permission android:name="com.anddoes.launcher.permission.UPDATE_COUNT" /> <!-- Solid -->
45-->[com.onesignal:OneSignal:4.8.5] AndroidManifest.xml:38:5-84
45-->[com.onesignal:OneSignal:4.8.5] AndroidManifest.xml:38:22-81
46    <uses-permission android:name="com.majeur.launcher.permission.UPDATE_BADGE" /> <!-- Huawei -->
46-->[com.onesignal:OneSignal:4.8.5] AndroidManifest.xml:39:5-83
46-->[com.onesignal:OneSignal:4.8.5] AndroidManifest.xml:39:22-80
47    <uses-permission android:name="com.huawei.android.launcher.permission.CHANGE_BADGE" />
47-->[com.onesignal:OneSignal:4.8.5] AndroidManifest.xml:40:5-91
47-->[com.onesignal:OneSignal:4.8.5] AndroidManifest.xml:40:22-88
48    <uses-permission android:name="com.huawei.android.launcher.permission.READ_SETTINGS" />
48-->[com.onesignal:OneSignal:4.8.5] AndroidManifest.xml:41:5-92
48-->[com.onesignal:OneSignal:4.8.5] AndroidManifest.xml:41:22-89
49    <uses-permission android:name="com.huawei.android.launcher.permission.WRITE_SETTINGS" /> <!-- ZUK -->
49-->[com.onesignal:OneSignal:4.8.5] AndroidManifest.xml:42:5-93
49-->[com.onesignal:OneSignal:4.8.5] AndroidManifest.xml:42:22-90
50    <uses-permission android:name="android.permission.READ_APP_BADGE" /> <!-- OPPO -->
50-->[com.onesignal:OneSignal:4.8.5] AndroidManifest.xml:43:5-73
50-->[com.onesignal:OneSignal:4.8.5] AndroidManifest.xml:43:22-70
51    <uses-permission android:name="com.oppo.launcher.permission.READ_SETTINGS" />
51-->[com.onesignal:OneSignal:4.8.5] AndroidManifest.xml:44:5-82
51-->[com.onesignal:OneSignal:4.8.5] AndroidManifest.xml:44:22-79
52    <uses-permission android:name="com.oppo.launcher.permission.WRITE_SETTINGS" /> <!-- EvMe -->
52-->[com.onesignal:OneSignal:4.8.5] AndroidManifest.xml:45:5-83
52-->[com.onesignal:OneSignal:4.8.5] AndroidManifest.xml:45:22-80
53    <uses-permission android:name="me.everything.badger.permission.BADGE_COUNT_READ" />
53-->[com.onesignal:OneSignal:4.8.5] AndroidManifest.xml:46:5-88
53-->[com.onesignal:OneSignal:4.8.5] AndroidManifest.xml:46:22-85
54    <uses-permission android:name="me.everything.badger.permission.BADGE_COUNT_WRITE" />
54-->[com.onesignal:OneSignal:4.8.5] AndroidManifest.xml:47:5-89
54-->[com.onesignal:OneSignal:4.8.5] AndroidManifest.xml:47:22-86
55    <uses-permission android:name="android.permission.FOREGROUND_SERVICE" />
55-->[androidx.work:work-runtime:2.7.1] AndroidManifest.xml:28:5-77
55-->[androidx.work:work-runtime:2.7.1] AndroidManifest.xml:28:22-74
56
57    <application
58        android:name="android.app.Application"
59        android:appComponentFactory="androidx.core.app.CoreComponentFactory"
59-->[androidx.core:core:1.6.0] AndroidManifest.xml:24:18-86
60        android:debuggable="true"
61        android:icon="@mipmap/ic_launcher"
62        android:label="bhivesensemobile" >
63        <activity
64            android:name="com.example.bhivesensemobile.MainActivity"
65            android:configChanges="orientation|keyboardHidden|keyboard|screenSize|smallestScreenSize|locale|layoutDirection|fontScale|screenLayout|density|uiMode"
66            android:exported="true"
67            android:hardwareAccelerated="true"
68            android:launchMode="singleTop"
69            android:theme="@style/LaunchTheme"
70            android:windowSoftInputMode="adjustResize" >
71
72            <!--
73                 Specifies an Android theme to apply to this Activity as soon as
74                 the Android process has started. This theme is visible to the user
75                 while the Flutter UI initializes. After that, this theme continues
76                 to determine the Window background behind the Flutter UI.
77            -->
78            <meta-data
79                android:name="io.flutter.embedding.android.NormalTheme"
80                android:resource="@style/NormalTheme" />
81
82            <intent-filter>
83                <action android:name="android.intent.action.MAIN" />
84
85                <category android:name="android.intent.category.LAUNCHER" />
86            </intent-filter>
87        </activity>
88        <!--
89             Don't delete the meta-data below.
90             This is used by the Flutter tool to generate GeneratedPluginRegistrant.java
91        -->
92        <meta-data
93            android:name="flutterEmbedding"
94            android:value="2" />
95
96        <receiver
96-->[com.onesignal:OneSignal:4.8.5] AndroidManifest.xml:50:9-61:20
97            android:name="com.onesignal.FCMBroadcastReceiver"
97-->[com.onesignal:OneSignal:4.8.5] AndroidManifest.xml:51:13-62
98            android:exported="true"
98-->[com.onesignal:OneSignal:4.8.5] AndroidManifest.xml:52:13-36
99            android:permission="com.google.android.c2dm.permission.SEND" >
99-->[com.onesignal:OneSignal:4.8.5] AndroidManifest.xml:53:13-73
100
101            <!-- High priority so OneSignal payloads can be filtered from other FCM receivers -->
102            <intent-filter android:priority="999" >
102-->[com.onesignal:OneSignal:4.8.5] AndroidManifest.xml:56:13-60:29
102-->[com.onesignal:OneSignal:4.8.5] AndroidManifest.xml:56:28-50
103                <action android:name="com.google.android.c2dm.intent.RECEIVE" />
103-->[com.onesignal:OneSignal:4.8.5] AndroidManifest.xml:57:17-81
103-->[com.onesignal:OneSignal:4.8.5] AndroidManifest.xml:57:25-78
104
105                <category android:name="com.example.bhivesensemobile" />
105-->[com.onesignal:OneSignal:4.8.5] AndroidManifest.xml:59:17-61
105-->[com.onesignal:OneSignal:4.8.5] AndroidManifest.xml:59:27-58
106            </intent-filter>
107        </receiver>
108
109        <service
109-->[com.onesignal:OneSignal:4.8.5] AndroidManifest.xml:63:9-69:19
110            android:name="com.onesignal.HmsMessageServiceOneSignal"
110-->[com.onesignal:OneSignal:4.8.5] AndroidManifest.xml:64:13-68
111            android:exported="false" >
111-->[com.onesignal:OneSignal:4.8.5] AndroidManifest.xml:65:13-37
112            <intent-filter>
112-->[com.onesignal:OneSignal:4.8.5] AndroidManifest.xml:66:13-68:29
113                <action android:name="com.huawei.push.action.MESSAGING_EVENT" />
113-->[com.onesignal:OneSignal:4.8.5] AndroidManifest.xml:67:17-81
113-->[com.onesignal:OneSignal:4.8.5] AndroidManifest.xml:67:25-78
114            </intent-filter>
115        </service>
116
117        <activity
117-->[com.onesignal:OneSignal:4.8.5] AndroidManifest.xml:71:9-79:20
118            android:name="com.onesignal.NotificationOpenedActivityHMS"
118-->[com.onesignal:OneSignal:4.8.5] AndroidManifest.xml:72:13-71
119            android:exported="true"
119-->[com.onesignal:OneSignal:4.8.5] AndroidManifest.xml:73:13-36
120            android:noHistory="true"
120-->[com.onesignal:OneSignal:4.8.5] AndroidManifest.xml:74:13-37
121            android:theme="@android:style/Theme.Translucent.NoTitleBar" >
121-->[com.onesignal:OneSignal:4.8.5] AndroidManifest.xml:75:13-72
122            <intent-filter>
122-->[com.onesignal:OneSignal:4.8.5] AndroidManifest.xml:76:13-78:29
123                <action android:name="android.intent.action.VIEW" />
123-->[com.onesignal:OneSignal:4.8.5] AndroidManifest.xml:77:17-69
123-->[com.onesignal:OneSignal:4.8.5] AndroidManifest.xml:77:25-66
124            </intent-filter>
125        </activity>
126
127        <service
127-->[com.onesignal:OneSignal:4.8.5] AndroidManifest.xml:81:9-83:40
128            android:name="com.onesignal.FCMIntentService"
128-->[com.onesignal:OneSignal:4.8.5] AndroidManifest.xml:82:13-58
129            android:exported="false" />
129-->[com.onesignal:OneSignal:4.8.5] AndroidManifest.xml:83:13-37
130        <service
130-->[com.onesignal:OneSignal:4.8.5] AndroidManifest.xml:84:9-87:72
131            android:name="com.onesignal.FCMIntentJobService"
131-->[com.onesignal:OneSignal:4.8.5] AndroidManifest.xml:85:13-61
132            android:exported="false"
132-->[com.onesignal:OneSignal:4.8.5] AndroidManifest.xml:86:13-37
133            android:permission="android.permission.BIND_JOB_SERVICE" />
133-->[com.onesignal:OneSignal:4.8.5] AndroidManifest.xml:87:13-69
134        <service
134-->[com.onesignal:OneSignal:4.8.5] AndroidManifest.xml:88:9-91:43
135            android:name="com.onesignal.SyncService"
135-->[com.onesignal:OneSignal:4.8.5] AndroidManifest.xml:89:13-53
136            android:exported="false"
136-->[com.onesignal:OneSignal:4.8.5] AndroidManifest.xml:90:13-37
137            android:stopWithTask="true" />
137-->[com.onesignal:OneSignal:4.8.5] AndroidManifest.xml:91:13-40
138        <service
138-->[com.onesignal:OneSignal:4.8.5] AndroidManifest.xml:92:9-95:72
139            android:name="com.onesignal.SyncJobService"
139-->[com.onesignal:OneSignal:4.8.5] AndroidManifest.xml:93:13-56
140            android:exported="false"
140-->[com.onesignal:OneSignal:4.8.5] AndroidManifest.xml:94:13-37
141            android:permission="android.permission.BIND_JOB_SERVICE" />
141-->[com.onesignal:OneSignal:4.8.5] AndroidManifest.xml:95:13-69
142
143        <activity
143-->[com.onesignal:OneSignal:4.8.5] AndroidManifest.xml:97:9-100:75
144            android:name="com.onesignal.PermissionsActivity"
144-->[com.onesignal:OneSignal:4.8.5] AndroidManifest.xml:98:13-61
145            android:exported="false"
145-->[com.onesignal:OneSignal:4.8.5] AndroidManifest.xml:99:13-37
146            android:theme="@android:style/Theme.Translucent.NoTitleBar" />
146-->[com.onesignal:OneSignal:4.8.5] AndroidManifest.xml:100:13-72
147
148        <receiver
148-->[com.onesignal:OneSignal:4.8.5] AndroidManifest.xml:102:9-104:39
149            android:name="com.onesignal.NotificationDismissReceiver"
149-->[com.onesignal:OneSignal:4.8.5] AndroidManifest.xml:103:13-69
150            android:exported="true" />
150-->[com.onesignal:OneSignal:4.8.5] AndroidManifest.xml:104:13-36
151        <receiver
151-->[com.onesignal:OneSignal:4.8.5] AndroidManifest.xml:105:9-112:20
152            android:name="com.onesignal.BootUpReceiver"
152-->[com.onesignal:OneSignal:4.8.5] AndroidManifest.xml:106:13-56
153            android:exported="true" >
153-->[com.onesignal:OneSignal:4.8.5] AndroidManifest.xml:107:13-36
154            <intent-filter>
154-->[com.onesignal:OneSignal:4.8.5] AndroidManifest.xml:108:13-111:29
155                <action android:name="android.intent.action.BOOT_COMPLETED" />
155-->[com.onesignal:OneSignal:4.8.5] AndroidManifest.xml:109:17-79
155-->[com.onesignal:OneSignal:4.8.5] AndroidManifest.xml:109:25-76
156                <action android:name="android.intent.action.QUICKBOOT_POWERON" />
156-->[com.onesignal:OneSignal:4.8.5] AndroidManifest.xml:110:17-82
156-->[com.onesignal:OneSignal:4.8.5] AndroidManifest.xml:110:25-79
157            </intent-filter>
158        </receiver>
159        <receiver
159-->[com.onesignal:OneSignal:4.8.5] AndroidManifest.xml:113:9-119:20
160            android:name="com.onesignal.UpgradeReceiver"
160-->[com.onesignal:OneSignal:4.8.5] AndroidManifest.xml:114:13-57
161            android:exported="true" >
161-->[com.onesignal:OneSignal:4.8.5] AndroidManifest.xml:115:13-36
162            <intent-filter>
162-->[com.onesignal:OneSignal:4.8.5] AndroidManifest.xml:116:13-118:29
163                <action android:name="android.intent.action.MY_PACKAGE_REPLACED" />
163-->[com.onesignal:OneSignal:4.8.5] AndroidManifest.xml:117:17-84
163-->[com.onesignal:OneSignal:4.8.5] AndroidManifest.xml:117:25-81
164            </intent-filter>
165        </receiver>
166
167        <activity
167-->[com.onesignal:OneSignal:4.8.5] AndroidManifest.xml:121:9-127:75
168            android:name="com.onesignal.NotificationOpenedReceiver"
168-->[com.onesignal:OneSignal:4.8.5] AndroidManifest.xml:122:13-68
169            android:excludeFromRecents="true"
169-->[com.onesignal:OneSignal:4.8.5] AndroidManifest.xml:123:13-46
170            android:exported="true"
170-->[com.onesignal:OneSignal:4.8.5] AndroidManifest.xml:124:13-36
171            android:noHistory="true"
171-->[com.onesignal:OneSignal:4.8.5] AndroidManifest.xml:125:13-37
172            android:taskAffinity=""
172-->[com.onesignal:OneSignal:4.8.5] AndroidManifest.xml:126:13-36
173            android:theme="@android:style/Theme.Translucent.NoTitleBar" />
173-->[com.onesignal:OneSignal:4.8.5] AndroidManifest.xml:127:13-72
174        <activity
174-->[com.onesignal:OneSignal:4.8.5] AndroidManifest.xml:128:9-133:75
175            android:name="com.onesignal.NotificationOpenedReceiverAndroid22AndOlder"
175-->[com.onesignal:OneSignal:4.8.5] AndroidManifest.xml:129:13-85
176            android:excludeFromRecents="true"
176-->[com.onesignal:OneSignal:4.8.5] AndroidManifest.xml:130:13-46
177            android:exported="true"
177-->[com.onesignal:OneSignal:4.8.5] AndroidManifest.xml:131:13-36
178            android:noHistory="true"
178-->[com.onesignal:OneSignal:4.8.5] AndroidManifest.xml:132:13-37
179            android:theme="@android:style/Theme.Translucent.NoTitleBar" />
179-->[com.onesignal:OneSignal:4.8.5] AndroidManifest.xml:133:13-72
180
181        <uses-library
181-->[androidx.window:window:1.0.0-beta04] AndroidManifest.xml:25:9-27:40
182            android:name="androidx.window.extensions"
182-->[androidx.window:window:1.0.0-beta04] AndroidManifest.xml:26:13-54
183            android:required="false" />
183-->[androidx.window:window:1.0.0-beta04] AndroidManifest.xml:27:13-37
184        <uses-library
184-->[androidx.window:window:1.0.0-beta04] AndroidManifest.xml:28:9-30:40
185            android:name="androidx.window.sidecar"
185-->[androidx.window:window:1.0.0-beta04] AndroidManifest.xml:29:13-51
186            android:required="false" />
186-->[androidx.window:window:1.0.0-beta04] AndroidManifest.xml:30:13-37
187
188        <activity
188-->[com.google.android.gms:play-services-base:17.6.0] AndroidManifest.xml:23:9-26:75
189            android:name="com.google.android.gms.common.api.GoogleApiActivity"
189-->[com.google.android.gms:play-services-base:17.6.0] AndroidManifest.xml:24:13-79
190            android:exported="false"
190-->[com.google.android.gms:play-services-base:17.6.0] AndroidManifest.xml:25:13-37
191            android:theme="@android:style/Theme.Translucent.NoTitleBar" />
191-->[com.google.android.gms:play-services-base:17.6.0] AndroidManifest.xml:26:13-72
192
193        <receiver
193-->[com.google.firebase:firebase-messaging:22.0.0] AndroidManifest.xml:28:9-35:20
194            android:name="com.google.firebase.iid.FirebaseInstanceIdReceiver"
194-->[com.google.firebase:firebase-messaging:22.0.0] AndroidManifest.xml:29:13-78
195            android:exported="true"
195-->[com.google.firebase:firebase-messaging:22.0.0] AndroidManifest.xml:30:13-36
196            android:permission="com.google.android.c2dm.permission.SEND" >
196-->[com.google.firebase:firebase-messaging:22.0.0] AndroidManifest.xml:31:13-73
197            <intent-filter>
197-->[com.google.firebase:firebase-messaging:22.0.0] AndroidManifest.xml:32:13-34:29
198                <action android:name="com.google.android.c2dm.intent.RECEIVE" />
198-->[com.onesignal:OneSignal:4.8.5] AndroidManifest.xml:57:17-81
198-->[com.onesignal:OneSignal:4.8.5] AndroidManifest.xml:57:25-78
199            </intent-filter>
200        </receiver>
201        <!--
202             FirebaseMessagingService performs security checks at runtime,
203             but set to not exported to explicitly avoid allowing another app to call it.
204        -->
205        <service
205-->[com.google.firebase:firebase-messaging:22.0.0] AndroidManifest.xml:41:9-48:19
206            android:name="com.google.firebase.messaging.FirebaseMessagingService"
206-->[com.google.firebase:firebase-messaging:22.0.0] AndroidManifest.xml:42:13-82
207            android:directBootAware="true"
207-->[com.google.firebase:firebase-messaging:22.0.0] AndroidManifest.xml:43:13-43
208            android:exported="false" >
208-->[com.google.firebase:firebase-messaging:22.0.0] AndroidManifest.xml:44:13-37
209            <intent-filter android:priority="-500" >
209-->[com.google.firebase:firebase-messaging:22.0.0] AndroidManifest.xml:45:13-47:29
209-->[com.google.firebase:firebase-messaging:22.0.0] AndroidManifest.xml:45:28-51
210                <action android:name="com.google.firebase.MESSAGING_EVENT" />
210-->[com.google.firebase:firebase-messaging:22.0.0] AndroidManifest.xml:46:17-78
210-->[com.google.firebase:firebase-messaging:22.0.0] AndroidManifest.xml:46:25-75
211            </intent-filter>
212        </service>
213        <service
213-->[com.google.firebase:firebase-messaging:22.0.0] AndroidManifest.xml:49:9-55:19
214            android:name="com.google.firebase.components.ComponentDiscoveryService"
214-->[com.google.firebase:firebase-messaging:22.0.0] AndroidManifest.xml:50:13-84
215            android:directBootAware="true"
215-->[com.google.firebase:firebase-common:20.0.0] AndroidManifest.xml:35:13-43
216            android:exported="false" >
216-->[com.google.firebase:firebase-messaging:22.0.0] AndroidManifest.xml:51:13-37
217            <meta-data
217-->[com.google.firebase:firebase-messaging:22.0.0] AndroidManifest.xml:52:13-54:85
218                android:name="com.google.firebase.components:com.google.firebase.messaging.FirebaseMessagingRegistrar"
218-->[com.google.firebase:firebase-messaging:22.0.0] AndroidManifest.xml:53:17-119
219                android:value="com.google.firebase.components.ComponentRegistrar" />
219-->[com.google.firebase:firebase-messaging:22.0.0] AndroidManifest.xml:54:17-82
220            <meta-data
220-->[com.google.firebase:firebase-datatransport:18.0.0] AndroidManifest.xml:28:13-30:85
221                android:name="com.google.firebase.components:com.google.firebase.datatransport.TransportRegistrar"
221-->[com.google.firebase:firebase-datatransport:18.0.0] AndroidManifest.xml:29:17-115
222                android:value="com.google.firebase.components.ComponentRegistrar" />
222-->[com.google.firebase:firebase-datatransport:18.0.0] AndroidManifest.xml:30:17-82
223            <meta-data
223-->[com.google.firebase:firebase-installations:17.0.0] AndroidManifest.xml:18:13-20:85
224                android:name="com.google.firebase.components:com.google.firebase.installations.FirebaseInstallationsRegistrar"
224-->[com.google.firebase:firebase-installations:17.0.0] AndroidManifest.xml:19:17-127
225                android:value="com.google.firebase.components.ComponentRegistrar" />
225-->[com.google.firebase:firebase-installations:17.0.0] AndroidManifest.xml:20:17-82
226        </service>
227
228        <provider
228-->[com.google.firebase:firebase-common:20.0.0] AndroidManifest.xml:26:9-31:39
229            android:name="com.google.firebase.provider.FirebaseInitProvider"
229-->[com.google.firebase:firebase-common:20.0.0] AndroidManifest.xml:27:13-77
230            android:authorities="com.example.bhivesensemobile.firebaseinitprovider"
230-->[com.google.firebase:firebase-common:20.0.0] AndroidManifest.xml:28:13-72
231            android:directBootAware="true"
231-->[com.google.firebase:firebase-common:20.0.0] AndroidManifest.xml:29:13-43
232            android:exported="false"
232-->[com.google.firebase:firebase-common:20.0.0] AndroidManifest.xml:30:13-37
233            android:initOrder="100" />
233-->[com.google.firebase:firebase-common:20.0.0] AndroidManifest.xml:31:13-36
234
235        <meta-data
235-->[com.google.android.gms:play-services-basement:17.6.0] AndroidManifest.xml:23:9-25:69
236            android:name="com.google.android.gms.version"
236-->[com.google.android.gms:play-services-basement:17.6.0] AndroidManifest.xml:24:13-58
237            android:value="@integer/google_play_services_version" />
237-->[com.google.android.gms:play-services-basement:17.6.0] AndroidManifest.xml:25:13-66
238
239        <provider
239-->[androidx.work:work-runtime:2.7.1] AndroidManifest.xml:31:9-39:20
240            android:name="androidx.startup.InitializationProvider"
240-->[androidx.work:work-runtime:2.7.1] AndroidManifest.xml:32:13-67
241            android:authorities="com.example.bhivesensemobile.androidx-startup"
241-->[androidx.work:work-runtime:2.7.1] AndroidManifest.xml:33:13-68
242            android:exported="false" >
242-->[androidx.work:work-runtime:2.7.1] AndroidManifest.xml:34:13-37
243            <meta-data
243-->[androidx.work:work-runtime:2.7.1] AndroidManifest.xml:36:13-38:52
244                android:name="androidx.work.WorkManagerInitializer"
244-->[androidx.work:work-runtime:2.7.1] AndroidManifest.xml:37:17-68
245                android:value="androidx.startup" />
245-->[androidx.work:work-runtime:2.7.1] AndroidManifest.xml:38:17-49
246        </provider>
247
248        <service
248-->[androidx.work:work-runtime:2.7.1] AndroidManifest.xml:41:9-46:35
249            android:name="androidx.work.impl.background.systemalarm.SystemAlarmService"
249-->[androidx.work:work-runtime:2.7.1] AndroidManifest.xml:42:13-88
250            android:directBootAware="false"
250-->[androidx.work:work-runtime:2.7.1] AndroidManifest.xml:43:13-44
251            android:enabled="@bool/enable_system_alarm_service_default"
251-->[androidx.work:work-runtime:2.7.1] AndroidManifest.xml:44:13-72
252            android:exported="false" />
252-->[androidx.work:work-runtime:2.7.1] AndroidManifest.xml:45:13-37
253        <service
253-->[androidx.work:work-runtime:2.7.1] AndroidManifest.xml:47:9-53:35
254            android:name="androidx.work.impl.background.systemjob.SystemJobService"
254-->[androidx.work:work-runtime:2.7.1] AndroidManifest.xml:48:13-84
255            android:directBootAware="false"
255-->[androidx.work:work-runtime:2.7.1] AndroidManifest.xml:49:13-44
256            android:enabled="@bool/enable_system_job_service_default"
256-->[androidx.work:work-runtime:2.7.1] AndroidManifest.xml:50:13-70
257            android:exported="true"
257-->[androidx.work:work-runtime:2.7.1] AndroidManifest.xml:51:13-36
258            android:permission="android.permission.BIND_JOB_SERVICE" />
258-->[androidx.work:work-runtime:2.7.1] AndroidManifest.xml:52:13-69
259        <service
259-->[androidx.work:work-runtime:2.7.1] AndroidManifest.xml:54:9-59:35
260            android:name="androidx.work.impl.foreground.SystemForegroundService"
260-->[androidx.work:work-runtime:2.7.1] AndroidManifest.xml:55:13-81
261            android:directBootAware="false"
261-->[androidx.work:work-runtime:2.7.1] AndroidManifest.xml:56:13-44
262            android:enabled="@bool/enable_system_foreground_service_default"
262-->[androidx.work:work-runtime:2.7.1] AndroidManifest.xml:57:13-77
263            android:exported="false" />
263-->[androidx.work:work-runtime:2.7.1] AndroidManifest.xml:58:13-37
264
265        <receiver
265-->[androidx.work:work-runtime:2.7.1] AndroidManifest.xml:61:9-66:35
266            android:name="androidx.work.impl.utils.ForceStopRunnable$BroadcastReceiver"
266-->[androidx.work:work-runtime:2.7.1] AndroidManifest.xml:62:13-88
267            android:directBootAware="false"
267-->[androidx.work:work-runtime:2.7.1] AndroidManifest.xml:63:13-44
268            android:enabled="true"
268-->[androidx.work:work-runtime:2.7.1] AndroidManifest.xml:64:13-35
269            android:exported="false" />
269-->[androidx.work:work-runtime:2.7.1] AndroidManifest.xml:65:13-37
270        <receiver
270-->[androidx.work:work-runtime:2.7.1] AndroidManifest.xml:67:9-77:20
271            android:name="androidx.work.impl.background.systemalarm.ConstraintProxy$BatteryChargingProxy"
271-->[androidx.work:work-runtime:2.7.1] AndroidManifest.xml:68:13-106
272            android:directBootAware="false"
272-->[androidx.work:work-runtime:2.7.1] AndroidManifest.xml:69:13-44
273            android:enabled="false"
273-->[androidx.work:work-runtime:2.7.1] AndroidManifest.xml:70:13-36
274            android:exported="false" >
274-->[androidx.work:work-runtime:2.7.1] AndroidManifest.xml:71:13-37
275            <intent-filter>
275-->[androidx.work:work-runtime:2.7.1] AndroidManifest.xml:73:13-76:29
276                <action android:name="android.intent.action.ACTION_POWER_CONNECTED" />
276-->[androidx.work:work-runtime:2.7.1] AndroidManifest.xml:74:17-87
276-->[androidx.work:work-runtime:2.7.1] AndroidManifest.xml:74:25-84
277                <action android:name="android.intent.action.ACTION_POWER_DISCONNECTED" />
277-->[androidx.work:work-runtime:2.7.1] AndroidManifest.xml:75:17-90
277-->[androidx.work:work-runtime:2.7.1] AndroidManifest.xml:75:25-87
278            </intent-filter>
279        </receiver>
280        <receiver
280-->[androidx.work:work-runtime:2.7.1] AndroidManifest.xml:78:9-88:20
281            android:name="androidx.work.impl.background.systemalarm.ConstraintProxy$BatteryNotLowProxy"
281-->[androidx.work:work-runtime:2.7.1] AndroidManifest.xml:79:13-104
282            android:directBootAware="false"
282-->[androidx.work:work-runtime:2.7.1] AndroidManifest.xml:80:13-44
283            android:enabled="false"
283-->[androidx.work:work-runtime:2.7.1] AndroidManifest.xml:81:13-36
284            android:exported="false" >
284-->[androidx.work:work-runtime:2.7.1] AndroidManifest.xml:82:13-37
285            <intent-filter>
285-->[androidx.work:work-runtime:2.7.1] AndroidManifest.xml:84:13-87:29